2017-10-18 11:26:21,773 [ 354807]   INFO - pl.ProjectRootManagerComponent - project roots have changed 
2017-10-18 11:26:22,242 [ 355276]   INFO - .diagnostic.PerformanceWatcher - Pushing properties took 188ms; general responsiveness: ok; EDT responsiveness: ok 
2017-10-18 11:26:22,382 [ 355416]   INFO - .diagnostic.PerformanceWatcher - Indexable file iteration took 140ms; general responsiveness: ok; EDT responsiveness: ok 
2017-10-18 11:26:22,382 [ 355416]   INFO - indexing.UnindexedFilesUpdater - Unindexed files update started: 20 files to update 
2017-10-18 11:26:23,789 [ 356823]   INFO - .diagnostic.PerformanceWatcher - Unindexed files update took 1407ms; general responsiveness: 0/5 sluggish, 4/5 very slow; EDT responsiveness: ok 
2017-10-18 12:55:19,036 [5692070]   INFO - .diagnostic.PerformanceWatcher - High memory usage (free 125 of 1246 MB) while dumping threads to C:\Users\Student\.AndroidStudio2.2\system\log\threadDumps-20171018-112113-AI-145.3537739\20171018-125518\threadDump-20171018-125518.txt 
2017-10-18 12:55:23,662 [5696696]   INFO - .diagnostic.PerformanceWatcher - High memory usage (free 122 of 1246 MB) while dumping threads to C:\Users\Student\.AndroidStudio2.2\system\log\threadDumps-20171018-112113-AI-145.3537739\20171018-125518\threadDump-20171018-125523.txt 
2017-10-18 12:55:28,917 [5701951]   INFO - .diagnostic.PerformanceWatcher - High memory usage (free 121 of 1246 MB) while dumping threads to C:\Users\Student\.AndroidStudio2.2\system\log\threadDumps-20171018-112113-AI-145.3537739\20171018-125518\threadDump-20171018-125528.txt 
2017-10-18 12:55:34,082 [5707116]   INFO - .diagnostic.PerformanceWatcher - High memory usage (free 120 of 1246 MB) while dumping threads to C:\Users\Student\.AndroidStudio2.2\system\log\threadDumps-20171018-112113-AI-145.3537739\20171018-125518\threadDump-20171018-125534.txt 
2017-10-18 12:55:39,438 [5712472]   INFO - .diagnostic.PerformanceWatcher - High memory usage (free 119 of 1246 MB) while dumping threads to C:\Users\Student\.AndroidStudio2.2\system\log\threadDumps-20171018-112113-AI-145.3537739\20171018-125518\threadDump-20171018-125539.txt 
2017-10-18 12:55:51,073 [5724107]   INFO - .diagnostic.PerformanceWatcher - High memory usage (free 115 of 1246 MB) while dumping threads to C:\Users\Student\.AndroidStudio2.2\system\log\threadDumps-20171018-112113-AI-145.3537739\20171018-125550\threadDump-20171018-125550.txt 
2017-10-18 12:55:56,670 [5729704]   INFO - .diagnostic.PerformanceWatcher - High memory usage (free 115 of 1246 MB) while dumping threads to C:\Users\Student\.AndroidStudio2.2\system\log\threadDumps-20171018-112113-AI-145.3537739\20171018-125550\threadDump-20171018-125556.txt 
2017-10-18 12:56:02,537 [5735571]   INFO - .diagnostic.PerformanceWatcher - High memory usage (free 114 of 1246 MB) while dumping threads to C:\Users\Student\.AndroidStudio2.2\system\log\threadDumps-20171018-112113-AI-145.3537739\20171018-125550\threadDump-20171018-125602.txt 
2017-10-18 12:56:07,543 [5740577]   INFO - .diagnostic.PerformanceWatcher - High memory usage (free 113 of 1246 MB) while dumping threads to C:\Users\Student\.AndroidStudio2.2\system\log\threadDumps-20171018-112113-AI-145.3537739\20171018-125550\threadDump-20171018-125607.txt 
2017-10-18 12:56:12,716 [5745750]   INFO - .diagnostic.PerformanceWatcher - High memory usage (free 112 of 1246 MB) while dumping threads to C:\Users\Student\.AndroidStudio2.2\system\log\threadDumps-20171018-112113-AI-145.3537739\20171018-125550\threadDump-20171018-125612.txt 
2017-10-18 12:56:18,222 [5751256]   INFO - .diagnostic.PerformanceWatcher - High memory usage (free 111 of 1246 MB) while dumping threads to C:\Users\Student\.AndroidStudio2.2\system\log\threadDumps-20171018-112113-AI-145.3537739\20171018-125550\threadDump-20171018-125618.txt 
2017-10-18 12:56:24,115 [5757149]   INFO - .diagnostic.PerformanceWatcher - High memory usage (free 110 of 1246 MB) while dumping threads to C:\Users\Student\.AndroidStudio2.2\system\log\threadDumps-20171018-112113-AI-145.3537739\20171018-125550\threadDump-20171018-125624.txt 
2017-10-18 12:56:29,378 [5762412]   INFO - .diagnostic.PerformanceWatcher - High memory usage (free 109 of 1246 MB) while dumping threads to C:\Users\Student\.AndroidStudio2.2\system\log\threadDumps-20171018-112113-AI-145.3537739\20171018-125550\threadDump-20171018-125629.txt 
2017-10-18 12:56:34,472 [5767506]   INFO - .diagnostic.PerformanceWatcher - High memory usage (free 108 of 1246 MB) while dumping threads to C:\Users\Student\.AndroidStudio2.2\system\log\threadDumps-20171018-112113-AI-145.3537739\20171018-125550\threadDump-20171018-125634.txt 
2017-10-18 12:56:39,806 [5772840]   INFO - .diagnostic.PerformanceWatcher - High memory usage (free 107 of 1246 MB) while dumping threads to C:\Users\Student\.AndroidStudio2.2\system\log\threadDumps-20171018-112113-AI-145.3537739\20171018-125550\threadDump-20171018-125639.txt 
2017-10-18 12:56:45,041 [5778075]   INFO - .diagnostic.PerformanceWatcher - High memory usage (free 105 of 1246 MB) while dumping threads to C:\Users\Student\.AndroidStudio2.2\system\log\threadDumps-20171018-112113-AI-145.3537739\20171018-125550\threadDump-20171018-125645.txt 
2017-10-18 12:56:50,250 [5783284]   INFO - .diagnostic.PerformanceWatcher - High memory usage (free 101 of 1246 MB) while dumping threads to C:\Users\Student\.AndroidStudio2.2\system\log\threadDumps-20171018-112113-AI-145.3537739\20171018-125550\threadDump-20171018-125650.txt 
2017-10-18 12:56:55,336 [5788370]   INFO - .diagnostic.PerformanceWatcher - High memory usage (free 95 of 1246 MB) while dumping threads to C:\Users\Student\.AndroidStudio2.2\system\log\threadDumps-20171018-112113-AI-145.3537739\20171018-125550\threadDump-20171018-125655.txt 
2017-10-18 12:57:00,690 [5793724]   INFO - .diagnostic.PerformanceWatcher - High memory usage (free 94 of 1246 MB) while dumping threads to C:\Users\Student\.AndroidStudio2.2\system\log\threadDumps-20171018-112113-AI-145.3537739\20171018-125550\threadDump-20171018-125700.txt 
2017-10-18 12:57:06,010 [5799044]   INFO - .diagnostic.PerformanceWatcher - High memory usage (free 93 of 1246 MB) while dumping threads to C:\Users\Student\.AndroidStudio2.2\system\log\threadDumps-20171018-112113-AI-145.3537739\20171018-125550\threadDump-20171018-125706.txt 
2017-10-18 12:57:11,258 [5804292]   INFO - .diagnostic.PerformanceWatcher - High memory usage (free 91 of 1246 MB) while dumping threads to C:\Users\Student\.AndroidStudio2.2\system\log\threadDumps-20171018-112113-AI-145.3537739\20171018-125550\threadDump-20171018-125711.txt 
2017-10-18 12:57:16,621 [5809655]   INFO - .diagnostic.PerformanceWatcher - High memory usage (free 90 of 1246 MB) while dumping threads to C:\Users\Student\.AndroidStudio2.2\system\log\threadDumps-20171018-112113-AI-145.3537739\20171018-125550\threadDump-20171018-125716.txt 
2017-10-18 12:57:21,818 [5814852]   INFO - .diagnostic.PerformanceWatcher - High memory usage (free 88 of 1246 MB) while dumping threads to C:\Users\Student\.AndroidStudio2.2\system\log\threadDumps-20171018-112113-AI-145.3537739\20171018-125550\threadDump-20171018-125721.txt 
2017-10-18 12:57:26,928 [5819962]   INFO - .diagnostic.PerformanceWatcher - High memory usage (free 85 of 1246 MB) while dumping threads to C:\Users\Student\.AndroidStudio2.2\system\log\threadDumps-20171018-112113-AI-145.3537739\20171018-125550\threadDump-20171018-125726.txt 
2017-10-18 12:57:32,147 [5825181]   INFO - .diagnostic.PerformanceWatcher - High memory usage (free 84 of 1246 MB) while dumping threads to C:\Users\Student\.AndroidStudio2.2\system\log\threadDumps-20171018-112113-AI-145.3537739\20171018-125550\threadDump-20171018-125732.txt 
2017-10-18 12:57:37,423 [5830457]   INFO - .diagnostic.PerformanceWatcher - High memory usage (free 83 of 1246 MB) while dumping threads to C:\Users\Student\.AndroidStudio2.2\system\log\threadDumps-20171018-112113-AI-145.3537739\20171018-125550\threadDump-20171018-125737.txt 
2017-10-18 12:57:42,564 [5835598]   INFO - .diagnostic.PerformanceWatcher - High memory usage (free 82 of 1246 MB) while dumping threads to C:\Users\Student\.AndroidStudio2.2\system\log\threadDumps-20171018-112113-AI-145.3537739\20171018-125550\threadDump-20171018-125742.txt 
2017-10-18 12:57:48,159 [5841193]   INFO - .diagnostic.PerformanceWatcher - High memory usage (free 81 of 1246 MB) while dumping threads to C:\Users\Student\.AndroidStudio2.2\system\log\threadDumps-20171018-112113-AI-145.3537739\20171018-125550\threadDump-20171018-125748.txt 
2017-10-18 12:57:53,866 [5846900]   INFO - .diagnostic.PerformanceWatcher - High memory usage (free 81 of 1246 MB) while dumping threads to C:\Users\Student\.AndroidStudio2.2\system\log\threadDumps-20171018-112113-AI-145.3537739\20171018-125550\threadDump-20171018-125753.txt 
2017-10-18 12:57:58,850 [5851884]   INFO - .diagnostic.PerformanceWatcher - High memory usage (free 79 of 1246 MB) while dumping threads to C:\Users\Student\.AndroidStudio2.2\system\log\threadDumps-20171018-112113-AI-145.3537739\20171018-125550\threadDump-20171018-125758.txt 
2017-10-18 12:58:04,527 [5857561]   INFO - .diagnostic.PerformanceWatcher - High memory usage (free 79 of 1246 MB) while dumping threads to C:\Users\Student\.AndroidStudio2.2\system\log\threadDumps-20171018-112113-AI-145.3537739\20171018-125550\threadDump-20171018-125804.txt 
2017-10-18 12:58:09,546 [5862580]   INFO - .diagnostic.PerformanceWatcher - High memory usage (free 78 of 1246 MB) while dumping threads to C:\Users\Student\.AndroidStudio2.2\system\log\threadDumps-20171018-112113-AI-145.3537739\20171018-125550\threadDump-20171018-125809.txt 
2017-10-18 12:58:14,677 [5867711]   INFO - .diagnostic.PerformanceWatcher - High memory usage (free 77 of 1246 MB) while dumping threads to C:\Users\Student\.AndroidStudio2.2\system\log\threadDumps-20171018-112113-AI-145.3537739\20171018-125550\threadDump-20171018-125814.txt 
2017-10-18 12:58:20,490 [5873524]   INFO - .diagnostic.PerformanceWatcher - High memory usage (free 76 of 1246 MB) while dumping threads to C:\Users\Student\.AndroidStudio2.2\system\log\threadDumps-20171018-112113-AI-145.3537739\20171018-125550\threadDump-20171018-125820.txt 
2017-10-18 12:58:25,758 [5878792]   INFO - .diagnostic.PerformanceWatcher - High memory usage (free 75 of 1246 MB) while dumping threads to C:\Users\Student\.AndroidStudio2.2\system\log\threadDumps-20171018-112113-AI-145.3537739\20171018-125550\threadDump-20171018-125825.txt 
2017-10-18 12:58:31,586 [5884620]   INFO - .diagnostic.PerformanceWatcher - High memory usage (free 73 of 1246 MB) while dumping threads to C:\Users\Student\.AndroidStudio2.2\system\log\threadDumps-20171018-112113-AI-145.3537739\20171018-125550\threadDump-20171018-125831.txt 
2017-10-18 12:58:36,758 [5889792]   INFO - .diagnostic.PerformanceWatcher - High memory usage (free 72 of 1246 MB) while dumping threads to C:\Users\Student\.AndroidStudio2.2\system\log\threadDumps-20171018-112113-AI-145.3537739\20171018-125550\threadDump-20171018-125836.txt 
2017-10-18 12:58:42,038 [5895072]   INFO - .diagnostic.PerformanceWatcher - High memory usage (free 70 of 1246 MB) while dumping threads to C:\Users\Student\.AndroidStudio2.2\system\log\threadDumps-20171018-112113-AI-145.3537739\20171018-125550\threadDump-20171018-125842.txt 
2017-10-18 12:58:47,198 [5900232]   INFO - .diagnostic.PerformanceWatcher - High memory usage (free 69 of 1246 MB) while dumping threads to C:\Users\Student\.AndroidStudio2.2\system\log\threadDumps-20171018-112113-AI-145.3537739\20171018-125550\threadDump-20171018-125847.txt 
2017-10-18 12:58:52,268 [5905302]   INFO - .diagnostic.PerformanceWatcher - High memory usage (free 68 of 1246 MB) while dumping threads to C:\Users\Student\.AndroidStudio2.2\system\log\threadDumps-20171018-112113-AI-145.3537739\20171018-125550\threadDump-20171018-125852.txt 
2017-10-18 12:58:57,364 [5910398]   INFO - .diagnostic.PerformanceWatcher - High memory usage (free 66 of 1246 MB) while dumping threads to C:\Users\Student\.AndroidStudio2.2\system\log\threadDumps-20171018-112113-AI-145.3537739\20171018-125550\threadDump-20171018-125857.txt 
2017-10-18 12:59:03,217 [5916251]   INFO - .diagnostic.PerformanceWatcher - High memory usage (free 129 of 1246 MB) while dumping threads to C:\Users\Student\.AndroidStudio2.2\system\log\threadDumps-20171018-112113-AI-145.3537739\20171018-125550\threadDump-20171018-125903.txt 
2017-10-18 12:59:08,295 [5921329]   INFO - .diagnostic.PerformanceWatcher - High memory usage (free 128 of 1246 MB) while dumping threads to C:\Users\Student\.AndroidStudio2.2\system\log\threadDumps-20171018-112113-AI-145.3537739\20171018-125550\threadDump-20171018-125908.txt 
2017-10-18 12:59:13,901 [5926935]   INFO - .diagnostic.PerformanceWatcher - High memory usage (free 126 of 1246 MB) while dumping threads to C:\Users\Student\.AndroidStudio2.2\system\log\threadDumps-20171018-112113-AI-145.3537739\20171018-125550\threadDump-20171018-125913.txt 
2017-10-18 12:59:19,030 [5932064]   INFO - .diagnostic.PerformanceWatcher - High memory usage (free 124 of 1246 MB) while dumping threads to C:\Users\Student\.AndroidStudio2.2\system\log\threadDumps-20171018-112113-AI-145.3537739\20171018-125550\threadDump-20171018-125919.txt 
2017-10-18 12:59:24,263 [5937297]   INFO - .diagnostic.PerformanceWatcher - High memory usage (free 121 of 1246 MB) while dumping threads to C:\Users\Student\.AndroidStudio2.2\system\log\threadDumps-20171018-112113-AI-145.3537739\20171018-125550\threadDump-20171018-125924.txt 
2017-10-18 12:59:29,503 [5942537]   INFO - .diagnostic.PerformanceWatcher - High memory usage (free 116 of 1246 MB) while dumping threads to C:\Users\Student\.AndroidStudio2.2\system\log\threadDumps-20171018-112113-AI-145.3537739\20171018-125550\threadDump-20171018-125929.txt 
2017-10-18 12:59:34,608 [5947642]   INFO - .diagnostic.PerformanceWatcher - High memory usage (free 108 of 1246 MB) while dumping threads to C:\Users\Student\.AndroidStudio2.2\system\log\threadDumps-20171018-112113-AI-145.3537739\20171018-125550\threadDump-20171018-125934.txt 
2017-10-18 12:59:39,801 [5952835]   INFO - .diagnostic.PerformanceWatcher - High memory usage (free 108 of 1246 MB) while dumping threads to C:\Users\Student\.AndroidStudio2.2\system\log\threadDumps-20171018-112113-AI-145.3537739\20171018-125550\threadDump-20171018-125939.txt 
2017-10-18 12:59:44,886 [5957920]   INFO - .diagnostic.PerformanceWatcher - High memory usage (free 106 of 1246 MB) while dumping threads to C:\Users\Student\.AndroidStudio2.2\system\log\threadDumps-20171018-112113-AI-145.3537739\20171018-125550\threadDump-20171018-125944.txt 
2017-10-18 12:59:47,888 [5960922]   INFO - org.jetbrains.io.BuiltInServer - web server stopped 
2017-10-18 12:59:48,169 [5961203]   INFO - Types.impl.FileTypeManagerImpl - FileTypeManager: 2 auto-detected files
Elapsed time on auto-detect: 16 ms 
2017-10-18 12:59:48,520 [5961554]   INFO - il.indexing.FileBasedIndexImpl - START INDEX SHUTDOWN 
2017-10-18 12:59:49,613 [5962647]   INFO - il.indexing.FileBasedIndexImpl - END INDEX SHUTDOWN 
2017-10-18 12:59:49,613 [5962647]   INFO - stubs.SerializationManagerImpl - START StubSerializationManager SHUTDOWN 
2017-10-18 12:59:49,629 [5962663]   INFO - stubs.SerializationManagerImpl - END StubSerializationManager SHUTDOWN 
2017-10-18 12:59:50,223 [5963257]   INFO - pl.local.NativeFileWatcherImpl - Watcher terminated with exit code 0 
2017-10-18 12:59:50,254 [5963288]   INFO - newvfs.persistent.PersistentFS - VFS dispose started 
2017-10-18 12:59:50,473 [5963507]   INFO - newvfs.persistent.PersistentFS - VFS dispose completed 
2017-10-18 12:59:51,254 [5964288]   INFO -        #com.intellij.idea.Main - ------------------------------------------------------ IDE SHUTDOWN ------------------------------------------------------ 
2017-10-18 12:59:51,913 [5964947]   INFO - org.jetbrains.io.BuiltInServer - web server stopped 
